TN:
SF:src\app.ts
FN:67,(anonymous_1)
FN:76,(anonymous_2)
FNF:2
FNH:0
FNDA:0,(anonymous_1)
FNDA:0,(anonymous_2)
DA:5,3
DA:6,3
DA:7,3
DA:8,3
DA:9,3
DA:10,3
DA:11,3
DA:12,3
DA:13,3
DA:14,3
DA:16,3
DA:21,3
DA:22,3
DA:25,3
DA:36,3
DA:48,3
DA:56,3
DA:57,3
DA:58,3
DA:63,3
DA:64,3
DA:67,3
DA:68,0
DA:71,3
DA:72,3
DA:73,3
DA:76,3
DA:77,0
DA:85,3
DA:87,3
LF:30
LH:28
BRDA:50,0,0,3
BRDA:50,0,1,0
BRF:2
BRH:1
end_of_record
TN:
SF:src\controllers\authController.ts
FN:8,(anonymous_1)
FN:14,(anonymous_2)
FN:23,(anonymous_3)
FN:39,(anonymous_4)
FN:59,(anonymous_5)
FN:64,(anonymous_6)
FNF:6
FNH:4
FNDA:6,(anonymous_1)
FNDA:6,(anonymous_2)
FNDA:2,(anonymous_3)
FNDA:7,(anonymous_4)
FNDA:0,(anonymous_5)
FNDA:0,(anonymous_6)
DA:2,3
DA:3,3
DA:5,3
DA:6,3
DA:8,3
DA:9,6
DA:14,3
DA:15,6
DA:23,3
DA:24,2
DA:26,2
DA:27,2
DA:28,1
DA:29,1
DA:32,1
DA:33,1
DA:34,1
DA:36,1
DA:39,3
DA:40,7
DA:42,7
DA:43,7
DA:44,2
DA:45,2
DA:48,5
DA:49,0
DA:50,0
DA:53,5
DA:54,5
DA:56,5
DA:59,3
DA:60,0
DA:61,0
DA:64,3
DA:65,0
DA:66,0
DA:67,0
DA:68,0
DA:70,0
LF:39
LH:30
BRDA:10,0,0,6
BRDA:10,0,1,0
BRDA:27,1,0,1
BRDA:27,1,1,1
BRDA:43,2,0,2
BRDA:43,2,1,5
BRDA:43,3,0,7
BRDA:43,3,1,6
BRDA:48,4,0,0
BRDA:48,4,1,5
BRDA:66,5,0,0
BRDA:66,5,1,0
BRF:12
BRH:8
end_of_record
TN:
SF:src\controllers\orderController.ts
FN:16,(anonymous_1)
FN:69,(anonymous_2)
FN:80,(anonymous_3)
FN:92,(anonymous_4)
FN:108,(anonymous_5)
FN:175,(anonymous_6)
FN:212,(anonymous_7)
FN:222,(anonymous_8)
FNF:8
FNH:4
FNDA:2,(anonymous_1)
FNDA:2,(anonymous_2)
FNDA:1,(anonymous_3)
FNDA:1,(anonymous_4)
FNDA:0,(anonymous_5)
FNDA:0,(anonymous_6)
FNDA:0,(anonymous_7)
FNDA:0,(anonymous_8)
DA:2,3
DA:3,3
DA:5,3
DA:6,3
DA:7,3
DA:9,3
DA:16,3
DA:17,2
DA:20,2
DA:21,2
DA:23,2
DA:24,2
DA:25,2
DA:26,1
DA:31,1
DA:33,1
DA:34,0
DA:35,0
DA:38,1
DA:39,1
DA:41,1
DA:50,1
DA:51,1
DA:53,1
DA:64,1
DA:68,3
DA:70,2
DA:71,2
DA:72,1
DA:73,1
DA:75,1
DA:80,3
DA:81,1
DA:82,1
DA:84,1
DA:85,1
DA:87,1
DA:88,1
DA:91,3
DA:93,1
DA:94,1
DA:99,1
DA:100,0
DA:101,0
DA:103,1
DA:108,3
DA:116,0
DA:119,0
DA:120,0
DA:122,0
DA:123,0
DA:124,0
DA:125,0
DA:126,0
DA:128,0
DA:129,0
DA:130,0
DA:133,0
DA:134,0
DA:135,0
DA:144,0
DA:147,0
DA:159,0
DA:175,0
DA:190,0
DA:193,0
DA:198,0
DA:211,3
DA:214,0
DA:221,0
DA:222,0
DA:226,0
LF:72
LH:43
BRDA:25,0,0,1
BRDA:25,0,1,1
BRDA:33,1,0,0
BRDA:33,1,1,1
BRDA:50,2,0,1
BRDA:50,2,1,0
BRDA:60,3,0,1
BRDA:60,3,1,1
BRDA:61,4,0,0
BRDA:61,4,1,1
BRDA:71,5,0,1
BRDA:71,5,1,1
BRDA:84,6,0,0
BRDA:84,6,1,1
BRDA:85,7,0,0
BRDA:85,7,1,1
BRDA:99,8,0,0
BRDA:99,8,1,1
BRDA:112,9,0,0
BRDA:124,10,0,0
BRDA:124,10,1,0
BRDA:128,11,0,0
BRDA:128,11,1,0
BRDA:128,12,0,0
BRDA:128,12,1,0
BRDA:154,13,0,0
BRDA:154,13,1,0
BRDA:155,14,0,0
BRDA:155,14,1,0
BRF:29
BRH:12
end_of_record
TN:
SF:src\controllers\productController.ts
FN:10,(anonymous_1)
FN:28,(anonymous_2)
FN:39,(anonymous_3)
FN:44,(anonymous_4)
FN:56,(anonymous_5)
FN:76,(anonymous_6)
FN:83,(anonymous_7)
FN:90,(anonymous_8)
FN:97,(anonymous_9)
FNF:9
FNH:4
FNDA:2,(anonymous_1)
FNDA:2,(anonymous_2)
FNDA:1,(anonymous_3)
FNDA:0,(anonymous_4)
FNDA:1,(anonymous_5)
FNDA:0,(anonymous_6)
FNDA:0,(anonymous_7)
FNDA:0,(anonymous_8)
FNDA:0,(anonymous_9)
DA:2,3
DA:3,3
DA:4,3
DA:5,3
DA:6,3
DA:9,3
DA:11,2
DA:13,2
DA:15,2
DA:16,2
DA:17,2
DA:18,2
DA:19,0
DA:22,2
DA:23,2
DA:27,3
DA:29,2
DA:30,2
DA:31,1
DA:32,1
DA:34,1
DA:39,3
DA:40,1
DA:41,1
DA:44,3
DA:45,0
DA:49,0
DA:50,0
DA:51,0
DA:53,0
DA:56,3
DA:57,1
DA:58,1
DA:59,0
DA:60,0
DA:62,1
DA:66,3
DA:73,3
DA:77,0
DA:78,0
DA:83,3
DA:84,0
DA:85,0
DA:86,0
DA:89,0
DA:91,0
DA:98,0
DA:99,0
DA:106,0
LF:49
LH:31
BRDA:15,0,0,1
BRDA:15,0,1,1
BRDA:16,1,0,0
BRDA:16,1,1,2
BRDA:17,2,0,0
BRDA:17,2,1,2
BRDA:18,3,0,0
BRDA:18,3,1,2
BRDA:30,4,0,1
BRDA:30,4,1,1
BRDA:49,5,0,0
BRDA:49,5,1,0
BRDA:58,6,0,0
BRDA:58,6,1,1
BRDA:77,7,0,0
BRDA:77,7,1,0
BRDA:84,8,0,0
BRDA:84,8,1,0
BRDA:98,9,0,0
BRDA:98,9,1,0
BRDA:98,10,0,0
BRDA:98,10,1,0
BRF:22
BRH:8
end_of_record
TN:
SF:src\middlewares\auth.ts
FN:6,(anonymous_1)
FN:34,(anonymous_2)
FNF:2
FNH:2
FNDA:6,(anonymous_1)
FNDA:4,(anonymous_2)
DA:2,3
DA:4,3
DA:6,3
DA:11,6
DA:14,6
DA:16,6
DA:17,2
DA:18,2
DA:21,4
DA:27,4
DA:28,4
DA:30,0
DA:34,3
DA:39,4
DA:40,0
DA:41,0
DA:43,4
LF:17
LH:14
BRDA:14,0,0,6
BRDA:14,0,1,2
BRDA:16,1,0,2
BRDA:16,1,1,4
BRDA:39,2,0,0
BRDA:39,2,1,4
BRF:6
BRH:5
end_of_record
TN:
SF:src\middlewares\errorHandler.ts
FN:9,(anonymous_0)
FN:30,(anonymous_1)
FN:38,(anonymous_2)
FN:41,(anonymous_3)
FNF:4
FNH:2
FNDA:0,(anonymous_0)
FNDA:0,(anonymous_1)
FNDA:48,(anonymous_2)
FNDA:21,(anonymous_3)
DA:2,3
DA:9,3
DA:15,0
DA:16,0
DA:20,0
DA:27,0
DA:30,3
DA:31,0
DA:32,0
DA:33,0
DA:34,0
DA:38,3
DA:41,48
DA:42,21
LF:14
LH:6
BRDA:15,0,0,0
BRDA:15,0,1,0
BRDA:16,1,0,0
BRDA:16,1,1,0
BRDA:24,2,0,0
BRDA:24,2,1,0
BRF:6
BRH:0
end_of_record
TN:
SF:src\models\Order.ts
FN:87,(anonymous_9)
FNF:1
FNH:1
FNDA:3,(anonymous_9)
DA:1,3
DA:36,3
DA:44,3
DA:87,3
DA:88,3
DA:89,3
DA:91,3
DA:94,3
DA:95,3
DA:99,3
LF:10
LH:10
BRDA:88,0,0,3
BRDA:88,0,1,0
BRF:2
BRH:1
end_of_record
TN:
SF:src\models\Product.ts
FN:34,(anonymous_9)
FNF:1
FNH:1
FNDA:9,(anonymous_9)
DA:1,3
DA:17,3
DA:34,3
DA:35,9
DA:36,9
DA:43,3
LF:6
LH:6
BRDA:35,0,0,9
BRDA:35,0,1,0
BRF:2
BRH:1
end_of_record
TN:
SF:src\models\User.ts
FN:33,(anonymous_10)
FN:39,(anonymous_11)
FN:46,(anonymous_12)
FNF:3
FNH:3
FNDA:9,(anonymous_10)
FNDA:6,(anonymous_11)
FNDA:6,(anonymous_12)
DA:1,3
DA:2,3
DA:14,3
DA:33,3
DA:34,9
DA:35,9
DA:39,3
DA:42,6
DA:46,3
DA:47,6
DA:48,6
DA:49,6
DA:52,3
LF:13
LH:13
BRDA:34,0,0,0
BRDA:34,0,1,9
BRF:2
BRH:1
end_of_record
TN:
SF:src\routes\authRoutes.ts
FNF:0
FNH:0
DA:1,3
DA:2,3
DA:3,3
DA:5,3
DA:7,3
DA:8,3
DA:9,3
DA:10,3
DA:12,3
LF:9
LH:9
BRF:0
BRH:0
end_of_record
TN:
SF:src\routes\orderRoutes.ts
FNF:0
FNH:0
DA:1,3
DA:2,3
DA:10,3
DA:12,3
DA:15,3
DA:16,3
DA:17,3
DA:20,3
DA:21,3
DA:22,3
DA:24,3
LF:11
LH:11
BRF:0
BRH:0
end_of_record
TN:
SF:src\routes\productRoutes.ts
FNF:0
FNH:0
DA:1,3
DA:2,3
DA:11,3
DA:13,3
DA:16,3
DA:17,3
DA:24,3
DA:27,3
DA:28,3
DA:29,3
DA:31,3
LF:11
LH:11
BRF:0
BRH:0
end_of_record
TN:
SF:src\utils\response.ts
FN:6,(anonymous_0)
FN:20,(anonymous_1)
FNF:2
FNH:2
FNDA:15,(anonymous_0)
FNDA:8,(anonymous_1)
DA:6,3
DA:12,15
DA:17,15
DA:20,3
DA:26,8
DA:31,8
LF:6
LH:6
BRDA:9,0,0,0
BRDA:10,1,0,12
BRDA:22,2,0,0
BRDA:23,3,0,0
BRDA:29,4,0,0
BRDA:29,4,1,8
BRF:6
BRH:2
end_of_record
